SF:lib\navigation\base_routes.dart
DA:32,0
DA:33,0
DA:34,0
DA:37,0
DA:38,0
LF:5
LH:0
end_of_record
SF:lib\navigation\navigation_actions.dart
DA:10,1
DA:11,1
DA:14,0
DA:15,0
DA:18,1
DA:19,1
DA:21,1
LF:7
LH:5
end_of_record
SF:lib\navigation\exception.dart
DA:3,1
DA:5,0
DA:6,0
LF:3
LH:1
end_of_record
SF:lib\navigation\navigation_delegate.dart
DA:13,1
DA:16,2
DA:17,3
DA:20,0
DA:22,0
DA:23,0
DA:26,1
DA:28,1
DA:29,1
DA:30,3
DA:31,4
DA:35,0
DA:36,0
DA:38,0
LF:14
LH:8
end_of_record
SF:lib\navigation\navigation_state.dart
DA:18,1
DA:19,1
DA:22,1
DA:23,3
DA:24,1
DA:25,1
DA:26,1
DA:28,3
DA:29,3
DA:32,1
DA:33,1
DA:34,1
DA:35,1
DA:36,2
DA:39,1
DA:40,1
DA:41,1
DA:49,1
DA:51,3
DA:52,1
DA:56,1
DA:58,2
DA:59,1
DA:62,1
DA:64,3
DA:65,2
LF:26
LH:26
end_of_record
SF:lib\core\constants\strings.dart
DA:39,0
DA:40,0
LF:2
LH:0
end_of_record
SF:lib\core\controller\event_observer.dart
DA:10,0
DA:12,0
DA:14,0
DA:15,0
DA:16,0
DA:18,0
DA:21,0
DA:22,0
DA:23,0
DA:24,0
DA:25,0
DA:30,0
DA:31,0
DA:32,0
DA:36,0
DA:38,0
DA:45,0
LF:17
LH:0
end_of_record
SF:lib\core\entity\category1.dart
DA:2,0
LF:1
LH:0
end_of_record
SF:lib\core\entity\category2.dart
DA:2,0
LF:1
LH:0
end_of_record
SF:lib\core\entity\failure.dart
DA:4,0
DA:11,0
LF:2
LH:0
end_of_record
SF:lib\core\entity\finance_client.dart
DA:19,0
DA:23,0
DA:24,0
DA:26,0
DA:27,0
LF:5
LH:0
end_of_record
SF:lib\core\entity\income_statement_account.dart
DA:2,0
LF:1
LH:0
end_of_record
SF:lib\core\entity\income_statement_account_type.dart
DA:2,0
LF:1
LH:0
end_of_record
SF:lib\core\entity\institution.dart
DA:2,0
LF:1
LH:0
end_of_record
SF:lib\core\entity\institution_group.dart
DA:2,0
LF:1
LH:0
end_of_record
SF:lib\core\entity\response.dart
DA:5,6
DA:6,0
DA:10,0
DA:12,0
DA:13,0
DA:14,0
DA:16,0
DA:19,0
DA:20,0
DA:21,0
DA:24,0
DA:29,1
DA:30,0
DA:35,0
LF:14
LH:2
end_of_record
SF:lib\core\widgets\my_app_bar.dart
DA:5,0
DA:6,0
LF:2
LH:0
end_of_record
SF:lib\pages\category1_fetch\presentantion\routes\category1_routes.dart
DA:12,0
DA:13,0
DA:14,0
DA:15,0
DA:16,0
DA:17,0
DA:18,0
DA:19,0
DA:20,0
DA:22,0
DA:23,0
DA:24,0
DA:31,1
LF:13
LH:1
end_of_record
SF:lib\pages\category1_record\presentation\routes\category1_record_routes.dart
DA:12,0
DA:13,0
DA:14,0
DA:16,0
DA:17,0
DA:18,0
DA:19,0
DA:20,0
DA:22,0
DA:23,0
DA:30,1
LF:11
LH:1
end_of_record
SF:lib\pages\category2_record\presentation\routes\category2_record_routes.dart
DA:12,0
DA:13,0
DA:14,0
DA:16,0
DA:17,0
DA:18,0
DA:19,0
DA:20,0
DA:21,0
DA:22,0
DA:23,0
DA:30,1
LF:12
LH:1
end_of_record
SF:lib\pages\home\routes\home_routes.dart
DA:11,0
DA:12,0
DA:13,0
DA:14,0
DA:15,0
DA:16,0
DA:17,0
DA:22,0
LF:8
LH:0
end_of_record
SF:lib\pages\income_statement_account_record\presentation\routes\income_statement_account_record_routes.dart
DA:13,0
DA:14,0
DA:15,0
DA:17,0
DA:18,0
DA:19,0
DA:20,0
DA:21,0
DA:22,0
DA:23,0
DA:24,0
DA:31,1
LF:12
LH:1
end_of_record
SF:lib\pages\income_statement_account_type_record\presentation\routes\income_statement_account_type_record_routes.dart
DA:13,0
DA:14,0
DA:15,0
DA:17,0
DA:18,0
DA:19,0
DA:20,0
DA:21,0
DA:22,0
DA:23,0
DA:24,0
DA:31,1
LF:12
LH:1
end_of_record
SF:lib\pages\institution_group_record\presentation\routes\institution_group_record_routes.dart
DA:12,0
DA:13,0
DA:14,0
DA:16,0
DA:17,0
DA:18,0
DA:19,0
DA:20,0
DA:22,0
DA:23,0
DA:30,1
LF:11
LH:1
end_of_record
SF:lib\pages\institution_record\presentation\routes\institution_record_routes.dart
DA:12,0
DA:13,0
DA:14,0
DA:16,0
DA:17,0
DA:18,0
DA:19,0
DA:20,0
DA:21,0
DA:22,0
DA:23,0
DA:30,1
LF:12
LH:1
end_of_record
SF:lib\pages\list_income_statement_account\presentation\routes\list_income_statement_account_routes.dart
DA:15,0
DA:16,0
DA:17,0
DA:18,0
DA:19,0
DA:20,0
DA:21,0
DA:22,0
DA:25,0
DA:26,0
DA:27,0
DA:28,0
DA:29,0
DA:30,0
DA:31,0
DA:32,0
DA:33,0
DA:34,0
DA:35,0
DA:42,0
LF:20
LH:0
end_of_record
SF:lib\pages\category1_fetch\controller\category1_fetch_event.dart
DA:5,2
DA:9,2
LF:2
LH:2
end_of_record
SF:lib\pages\category1_fetch\controller\category1_fetch_state.dart
DA:16,1
DA:21,1
DA:26,0
DA:30,0
LF:4
LH:2
end_of_record
SF:lib\pages\category1_fetch\controller\category1_fetch_bloc.dart
DA:17,0
DA:18,0
DA:21,0
DA:22,0
DA:23,0
DA:24,0
DA:25,0
DA:26,0
DA:30,0
DA:32,0
LF:10
LH:0
end_of_record
SF:lib\pages\category1_fetch\data\model\category1_fetch_model.dart
DA:7,0
DA:9,0
DA:11,0
DA:12,0
DA:13,0
DA:14,0
DA:15,0
DA:16,0
DA:17,0
LF:9
LH:0
end_of_record
SF:lib\pages\category1_fetch\data\repository\category1_fetch_repository.dart
DA:14,0
DA:17,0
DA:18,0
DA:19,0
DA:20,0
DA:21,0
DA:22,0
DA:25,0
DA:26,0
DA:29,0
DA:30,0
LF:11
LH:0
end_of_record
SF:lib\pages\category1_fetch\data\model\category_2_average.dart
DA:5,0
DA:6,0
DA:9,0
DA:11,0
DA:12,0
DA:13,0
DA:14,0
LF:7
LH:0
end_of_record
SF:lib\pages\category1_fetch\presentantion\pages\category1_details_page.dart
DA:13,0
DA:19,0
DA:21,0
DA:22,0
DA:23,0
DA:24,0
DA:25,0
DA:26,0
DA:27,0
DA:28,0
DA:29,0
DA:30,0
DA:31,0
DA:33,0
DA:34,0
DA:35,0
DA:37,0
DA:38,0
DA:58,1
DA:60,0
DA:61,0
DA:69,0
DA:71,0
DA:72,0
DA:73,0
DA:76,0
DA:78,0
DA:79,0
DA:80,0
DA:81,0
DA:82,0
DA:83,0
DA:84,0
DA:86,0
DA:87,0
DA:88,0
DA:92,0
DA:93,0
DA:94,0
DA:95,0
DA:97,0
DA:98,0
DA:101,0
DA:102,0
LF:44
LH:1
end_of_record
SF:lib\pages\category1_fetch\presentantion\widgets\category_chart.dart
DA:13,0
DA:17,0
DA:20,0
DA:21,0
DA:33,0
DA:35,0
DA:36,0
DA:37,0
DA:38,0
DA:39,0
DA:44,0
DA:45,0
DA:46,0
DA:48,0
DA:49,0
DA:50,0
DA:56,0
DA:57,0
DA:58,0
DA:59,0
DA:60,0
DA:64,0
DA:72,0
DA:73,0
DA:74,0
DA:81,0
DA:82,0
DA:83,0
DA:84,0
DA:85,0
DA:86,0
DA:87,0
DA:88,0
DA:89,0
DA:90,0
DA:92,0
LF:36
LH:0
end_of_record
SF:lib\pages\category1_fetch\presentantion\pages\category1_page.dart
DA:11,0
DA:13,0
DA:15,0
DA:16,0
DA:17,0
DA:18,0
DA:21,0
DA:22,0
DA:32,0
DA:35,0
DA:37,0
DA:39,0
DA:40,0
DA:41,0
DA:42,0
DA:43,0
DA:44,0
DA:45,0
DA:46,0
DA:47,0
DA:49,0
DA:50,0
DA:51,0
DA:52,0
LF:24
LH:0
end_of_record
SF:lib\pages\category1_fetch\presentantion\widgets\category_card.dart
DA:11,0
DA:13,0
DA:15,0
DA:16,0
DA:17,0
DA:18,0
DA:20,0
DA:22,0
DA:23,0
DA:24,0
DA:25,0
DA:26,0
DA:31,0
DA:32,0
DA:33,0
LF:15
LH:0
end_of_record
SF:lib\utils\data_formatter.dart
DA:5,0
DA:6,0
DA:10,0
DA:11,0
DA:14,0
DA:18,0
DA:19,0
DA:24,0
DA:26,0
DA:28,0
DA:30,0
DA:34,0
DA:35,0
DA:36,0
DA:37,0
DA:39,0
LF:16
LH:0
end_of_record
SF:lib\pages\category1_record\controller\category1_record_state.dart
DA:15,1
DA:19,0
DA:22,1
DA:26,1
LF:4
LH:3
end_of_record
SF:lib\pages\category1_record\controller\category1_record_event.dart
DA:5,0
DA:11,0
DA:12,0
LF:3
LH:0
end_of_record
SF:lib\pages\category1_record\controller\category1_record_bloc.dart
DA:15,0
DA:16,0
DA:19,0
DA:20,0
DA:21,0
DA:22,0
DA:23,0
DA:24,0
LF:8
LH:0
end_of_record
SF:lib\pages\category1_record\data\model\category1_record_model.dart
DA:6,0
DA:8,0
DA:9,0
LF:3
LH:0
end_of_record
SF:lib\pages\category1_record\data\repository\category1_repository.dart
DA:13,0
DA:16,0
DA:18,0
DA:20,0
DA:26,0
DA:27,0
DA:30,0
DA:31,0
LF:8
LH:0
end_of_record
SF:lib\pages\category1_record\presentation\pages\category1_record_page.dart
DA:13,0
DA:18,0
DA:20,0
DA:21,0
DA:22,0
DA:23,0
DA:24,0
DA:25,0
DA:27,0
DA:28,0
DA:29,0
DA:30,0
DA:31,0
DA:34,0
DA:35,0
DA:36,0
DA:37,0
DA:38,0
DA:39,0
DA:40,0
DA:41,0
DA:42,0
DA:56,0
DA:58,0
DA:59,0
DA:66,0
DA:68,0
DA:70,0
DA:71,0
DA:72,0
DA:74,0
DA:75,0
DA:79,0
DA:81,0
DA:85,0
DA:86,0
DA:89,0
DA:90,0
DA:91,0
DA:92,0
DA:95,0
LF:41
LH:0
end_of_record
SF:lib\pages\category2_record\controller\category2_record_state.dart
DA:18,1
DA:23,1
DA:28,0
DA:32,0
DA:36,0
DA:40,0
LF:6
LH:2
end_of_record
SF:lib\pages\category2_record\controller\category2_record_event.dart
DA:5,1
DA:11,0
DA:12,0
DA:14,0
DA:21,1
LF:5
LH:2
end_of_record
SF:lib\pages\category2_record\controller\category2_record_bloc.dart
DA:16,0
DA:17,0
DA:18,0
DA:21,0
DA:22,0
DA:23,0
DA:24,0
DA:25,0
DA:26,0
DA:30,0
DA:31,0
DA:32,0
DA:33,0
DA:34,0
DA:35,0
LF:15
LH:0
end_of_record
SF:lib\pages\category2_record\data\model\fetch\category1_fetch_model.dart
DA:7,0
DA:9,0
DA:10,0
DA:11,0
DA:12,0
LF:5
LH:0
end_of_record
SF:lib\pages\category2_record\data\model\record\category1_record_model.dart
DA:9,0
LF:1
LH:0
end_of_record
SF:lib\pages\category2_record\data\model\record\category2_record_model.dart
DA:6,0
DA:8,0
DA:9,0
LF:3
LH:0
end_of_record
SF:lib\pages\category2_record\data\repository\category2_repository.dart
DA:17,0
DA:20,0
DA:21,0
DA:22,0
DA:24,0
DA:30,0
DA:31,0
DA:34,0
DA:35,0
DA:40,0
DA:43,0
DA:44,0
DA:45,0
DA:46,0
DA:47,0
DA:48,0
DA:51,0
DA:52,0
DA:55,0
DA:56,0
LF:20
LH:0
end_of_record
SF:lib\pages\category2_record\presentation\pages\category2_record_page.dart
DA:13,0
DA:18,0
DA:20,0
DA:21,0
DA:22,0
DA:23,0
DA:24,0
DA:25,0
DA:27,0
DA:28,0
DA:29,0
DA:30,0
DA:31,0
DA:34,0
DA:35,0
DA:36,0
DA:37,0
DA:38,0
DA:39,0
DA:40,0
DA:41,0
DA:42,0
DA:43,0
DA:44,0
DA:45,0
DA:60,0
DA:62,0
DA:63,0
DA:70,0
DA:72,0
DA:73,0
DA:74,0
DA:75,0
DA:76,0
DA:77,0
DA:78,0
DA:83,0
DA:84,0
DA:85,0
DA:86,0
DA:88,0
DA:89,0
DA:91,0
DA:95,0
DA:96,0
DA:99,0
DA:101,0
DA:105,0
DA:107,0
DA:111,0
DA:112,0
DA:115,0
DA:116,0
DA:117,0
DA:118,0
DA:119,0
DA:120,0
DA:124,0
LF:58
LH:0
end_of_record
SF:lib\pages\home\home_page.dart
DA:21,0
DA:25,0
DA:27,0
DA:29,0
DA:31,0
DA:32,0
DA:34,0
DA:35,0
DA:36,0
DA:37,0
DA:38,0
DA:39,0
DA:40,0
DA:43,0
DA:44,0
DA:45,0
DA:48,0
DA:56,0
DA:61,0
DA:63,0
DA:64,0
DA:66,0
DA:67,0
DA:68,0
DA:69,0
DA:70,0
DA:72,0
DA:73,0
DA:74,0
DA:78,0
DA:82,0
DA:83,0
DA:84,0
DA:85,0
LF:34
LH:0
end_of_record
SF:lib\pages\income_statement_account_record\controller\income_statement_account_record_event.dart
DA:5,1
DA:11,0
DA:17,0
DA:19,0
DA:22,0
DA:30,1
DA:36,0
DA:42,0
DA:48,0
LF:9
LH:2
end_of_record
SF:lib\pages\income_statement_account_record\controller\income_statement_account_record_state.dart
DA:25,1
DA:34,1
DA:43,0
DA:51,0
DA:55,0
DA:62,0
DA:68,0
DA:73,0
DA:78,0
LF:9
LH:2
end_of_record
SF:lib\pages\income_statement_account_record\controller\income_statement_account_record_bloc.dart
DA:23,0
DA:24,0
DA:25,0
DA:26,0
DA:27,0
DA:28,0
DA:31,0
DA:32,0
DA:33,0
DA:34,0
DA:35,0
DA:36,0
DA:40,0
DA:41,0
DA:43,0
DA:44,0
DA:45,0
DA:46,0
DA:50,0
DA:51,0
DA:52,0
DA:53,0
DA:54,0
DA:55,0
DA:59,0
DA:60,0
DA:61,0
DA:63,0
DA:67,0
DA:68,0
DA:69,0
DA:71,0
DA:75,0
DA:76,0
DA:78,0
DA:79,0
DA:80,0
DA:81,0
DA:85,0
DA:86,0
DA:88,0
DA:89,0
DA:90,0
DA:91,0
DA:95,0
DA:96,0
DA:98,0
DA:99,0
DA:100,0
DA:101,0
LF:50
LH:0
end_of_record
SF:lib\pages\income_statement_account_record\data\model\record\income_statement_account_record_model.dart
DA:10,0
DA:12,0
DA:13,0
DA:14,0
DA:15,0
LF:5
LH:0
end_of_record
SF:lib\pages\income_statement_account_record\data\model\fetch\category1_fetch_model.dart
DA:7,0
DA:9,0
DA:10,0
DA:11,0
DA:12,0
LF:5
LH:0
end_of_record
SF:lib\pages\income_statement_account_record\data\model\fetch\category2_fetch_model.dart
DA:7,0
DA:9,0
DA:10,0
DA:11,0
DA:12,0
LF:5
LH:0
end_of_record
SF:lib\pages\income_statement_account_record\data\model\fetch\income_statement_account_type_fetch_model.dart
DA:7,0
DA:9,0
DA:10,0
DA:11,0
DA:12,0
LF:5
LH:0
end_of_record
SF:lib\pages\income_statement_account_record\data\model\fetch\institution_fetch_model.dart
DA:7,0
DA:9,0
DA:10,0
DA:11,0
DA:12,0
LF:5
LH:0
end_of_record
SF:lib\pages\income_statement_account_record\data\model\fetch\institution_group_fetch_model.dart
DA:7,0
DA:9,0
DA:10,0
DA:11,0
DA:12,0
LF:5
LH:0
end_of_record
SF:lib\pages\income_statement_account_record\data\model\record\income_statement_account_type_record_model.dart
DA:6,0
DA:8,0
DA:9,0
LF:3
LH:0
end_of_record
SF:lib\pages\income_statement_account_record\data\model\record\institution_record_model.dart
DA:9,0
LF:1
LH:0
end_of_record
SF:lib\pages\income_statement_account_record\data\repository\income_statement_account_record_repository.dart
DA:25,0
DA:28,0
DA:29,0
DA:30,0
DA:32,0
DA:38,0
DA:39,0
DA:42,0
DA:43,0
DA:48,0
DA:51,0
DA:52,0
DA:53,0
DA:54,0
DA:55,0
DA:56,0
DA:59,0
DA:60,0
DA:63,0
DA:64,0
DA:69,0
DA:72,0
DA:73,0
DA:74,0
DA:75,0
DA:76,0
DA:77,0
DA:80,0
DA:81,0
DA:84,0
DA:85,0
DA:90,0
DA:93,0
DA:94,0
DA:95,0
DA:96,0
DA:97,0
DA:98,0
DA:101,0
DA:102,0
DA:105,0
DA:106,0
DA:111,0
DA:114,0
DA:115,0
DA:116,0
DA:117,0
DA:118,0
DA:119,0
DA:122,0
DA:123,0
DA:126,0
DA:127,0
DA:132,0
DA:135,0
DA:136,0
DA:137,0
DA:138,0
DA:139,0
DA:140,0
DA:143,0
DA:144,0
DA:147,0
DA:148,0
LF:64
LH:0
end_of_record
SF:lib\pages\income_statement_account_record\presentation\pages\income_statement_account_record_page.dart
DA:20,0
DA:25,0
DA:27,0
DA:28,0
DA:29,0
DA:30,0
DA:31,0
DA:32,0
DA:34,0
DA:35,0
DA:36,0
DA:37,0
DA:38,0
DA:41,0
DA:42,0
DA:43,0
DA:44,0
DA:45,0
DA:46,0
DA:47,0
DA:48,0
DA:49,0
DA:50,0
DA:51,0
DA:52,0
DA:53,0
DA:54,0
DA:55,0
DA:56,0
DA:78,0
DA:92,0
DA:93,0
DA:107,0
DA:109,0
DA:110,0
DA:111,0
DA:112,0
DA:113,0
DA:114,0
DA:115,0
DA:120,0
DA:121,0
DA:122,0
DA:123,0
DA:125,0
DA:126,0
DA:128,0
DA:132,0
DA:134,0
DA:135,0
DA:139,0
DA:140,0
DA:141,0
DA:142,0
DA:143,0
DA:144,0
DA:145,0
DA:150,0
DA:151,0
DA:152,0
DA:153,0
DA:155,0
DA:156,0
DA:158,0
DA:162,0
DA:163,0
DA:167,0
DA:168,0
DA:170,0
DA:171,0
DA:172,0
DA:173,0
DA:178,0
DA:179,0
DA:180,0
DA:181,0
DA:183,0
DA:184,0
DA:186,0
DA:190,0
DA:192,0
DA:193,0
DA:194,0
DA:198,0
DA:199,0
DA:200,0
DA:201,0
DA:202,0
DA:203,0
DA:204,0
DA:209,0
DA:210,0
DA:211,0
DA:212,0
DA:214,0
DA:215,0
DA:217,0
DA:218,0
DA:222,0
DA:224,0
DA:229,0
DA:230,0
DA:232,0
DA:233,0
DA:234,0
DA:235,0
DA:236,0
DA:237,0
DA:238,0
DA:243,0
DA:244,0
DA:245,0
DA:246,0
DA:248,0
DA:249,0
DA:251,0
DA:255,0
DA:256,0
DA:260,0
DA:261,0
DA:263,0
DA:264,0
DA:265,0
DA:266,0
DA:267,0
DA:268,0
DA:270,0
DA:271,0
DA:272,0
DA:273,0
DA:277,0
DA:278,0
DA:280,0
DA:281,0
DA:282,0
DA:290,0
DA:291,0
DA:293,0
DA:298,0
DA:299,0
DA:303,0
DA:304,0
DA:305,0
DA:306,0
DA:309,0
DA:311,0
DA:312,0
DA:313,0
DA:318,0
DA:319,0
DA:322,0
DA:323,0
DA:324,0
DA:325,0
DA:326,0
DA:327,0
DA:328,0
DA:329,0
DA:333,0
DA:342,0
DA:346,0
DA:348,0
DA:349,0
DA:350,0
DA:354,0
DA:355,0
LF:166
LH:0
end_of_record
SF:lib\pages\income_statement_account_type_record\controller\income_statement_account_type_event.dart
DA:5,1
DA:11,0
DA:15,1
DA:21,0
DA:22,0
DA:24,0
LF:6
LH:2
end_of_record
SF:lib\pages\income_statement_account_type_record\controller\income_statement_account_type_state.dart
DA:20,1
DA:26,1
DA:32,0
DA:38,0
DA:43,0
DA:47,0
DA:51,0
LF:7
LH:2
end_of_record
SF:lib\pages\income_statement_account_type_record\controller\income_statement_account_type_bloc.dart
DA:18,0
DA:19,0
DA:20,0
DA:21,0
DA:24,0
DA:25,0
DA:26,0
DA:27,0
DA:28,0
DA:29,0
DA:33,0
DA:34,0
DA:35,0
DA:36,0
DA:37,0
DA:38,0
DA:42,0
DA:43,0
DA:44,0
DA:45,0
DA:46,0
DA:47,0
LF:22
LH:0
end_of_record
SF:lib\pages\income_statement_account_type_record\data\model\fetch\category2_fetch_model.dart
DA:7,0
DA:9,0
DA:10,0
DA:11,0
DA:12,0
LF:5
LH:0
end_of_record
SF:lib\pages\income_statement_account_type_record\data\model\fetch\category1_fetch_model.dart
DA:5,0
DA:7,0
DA:8,0
DA:9,0
DA:10,0
LF:5
LH:0
end_of_record
SF:lib\pages\income_statement_account_type_record\data\model\record\category2_register_model.dart
DA:9,0
LF:1
LH:0
end_of_record
SF:lib\pages\income_statement_account_type_record\data\model\record\income_statement_account_type_register_model.dart
DA:7,0
DA:9,0
DA:10,0
DA:11,0
LF:4
LH:0
end_of_record
SF:lib\pages\income_statement_account_type_record\data\repository\income_statement_account_type_repository.dart
DA:19,0
DA:22,0
DA:23,0
DA:24,0
DA:25,0
DA:26,0
DA:27,0
DA:30,0
DA:31,0
DA:34,0
DA:35,0
DA:40,0
DA:43,0
DA:44,0
DA:45,0
DA:46,0
DA:47,0
DA:48,0
DA:51,0
DA:52,0
DA:55,0
DA:56,0
DA:61,0
DA:64,0
DA:65,0
DA:66,0
DA:68,0
DA:74,0
DA:75,0
DA:78,0
DA:79,0
LF:31
LH:0
end_of_record
SF:lib\pages\income_statement_account_type_record\presentation\pages\income_statement_account_type_record_page.dart
DA:16,0
DA:21,0
DA:23,0
DA:24,0
DA:25,0
DA:26,0
DA:27,0
DA:28,0
DA:30,0
DA:31,0
DA:32,0
DA:33,0
DA:34,0
DA:37,0
DA:38,0
DA:39,0
DA:40,0
DA:41,0
DA:42,0
DA:43,0
DA:44,0
DA:45,0
DA:46,0
DA:47,0
DA:48,0
DA:49,0
DA:50,0
DA:51,0
DA:68,0
DA:77,0
DA:78,0
DA:88,0
DA:90,0
DA:91,0
DA:92,0
DA:93,0
DA:94,0
DA:95,0
DA:100,0
DA:101,0
DA:102,0
DA:103,0
DA:105,0
DA:106,0
DA:108,0
DA:112,0
DA:114,0
DA:115,0
DA:119,0
DA:120,0
DA:121,0
DA:122,0
DA:123,0
DA:124,0
DA:125,0
DA:130,0
DA:131,0
DA:132,0
DA:133,0
DA:135,0
DA:136,0
DA:138,0
DA:142,0
DA:143,0
DA:147,0
DA:148,0
DA:150,0
DA:151,0
DA:155,0
DA:156,0
DA:157,0
DA:161,0
DA:162,0
DA:165,0
DA:166,0
DA:168,0
DA:169,0
DA:170,0
DA:173,0
DA:174,0
DA:175,0
DA:176,0
DA:180,0
DA:181,0
DA:184,0
DA:185,0
DA:186,0
DA:187,0
DA:193,0
DA:194,0
DA:195,0
DA:196,0
DA:197,0
DA:198,0
DA:199,0
DA:200,0
DA:204,0
LF:97
LH:0
end_of_record
SF:lib\pages\institution_group_record\controller\institution_group_record_bloc.dart
DA:15,0
DA:16,0
DA:19,0
DA:20,0
DA:21,0
DA:22,0
DA:23,0
DA:24,0
LF:8
LH:0
end_of_record
SF:lib\pages\institution_group_record\controller\institution_group_record_event.dart
DA:5,0
DA:11,0
DA:12,0
LF:3
LH:0
end_of_record
SF:lib\pages\institution_group_record\controller\institution_group_record_state.dart
DA:15,1
DA:19,0
DA:22,1
DA:26,1
LF:4
LH:3
end_of_record
SF:lib\pages\institution_group_record\data\model\category1_record_model.dart
DA:6,0
DA:8,0
DA:9,0
LF:3
LH:0
end_of_record
SF:lib\pages\institution_group_record\data\repository\institution_group_record_repository.dart
DA:13,0
DA:16,0
DA:18,0
DA:20,0
DA:26,0
DA:27,0
DA:30,0
DA:31,0
LF:8
LH:0
end_of_record
SF:lib\pages\institution_group_record\presentation\pages\institution_group_record_page.dart
DA:13,0
DA:18,0
DA:20,0
DA:21,0
DA:22,0
DA:23,0
DA:24,0
DA:25,0
DA:27,0
DA:28,0
DA:29,0
DA:30,0
DA:31,0
DA:34,0
DA:35,0
DA:36,0
DA:37,0
DA:38,0
DA:39,0
DA:40,0
DA:41,0
DA:42,0
DA:56,0
DA:58,0
DA:59,0
DA:65,0
DA:67,0
DA:68,0
DA:69,0
DA:70,0
DA:74,0
DA:76,0
DA:80,0
DA:81,0
DA:84,0
DA:85,0
DA:86,0
DA:87,0
DA:88,0
DA:92,0
LF:40
LH:0
end_of_record
SF:lib\pages\institution_record\controller\institution_record_state.dart
DA:18,1
DA:23,1
DA:28,0
DA:32,0
DA:36,0
DA:40,0
LF:6
LH:2
end_of_record
SF:lib\pages\institution_record\controller\institution_record_bloc.dart
DA:17,0
DA:18,0
DA:19,0
DA:22,0
DA:23,0
DA:24,0
DA:25,0
DA:26,0
DA:27,0
DA:31,0
DA:32,0
DA:33,0
DA:34,0
DA:35,0
DA:36,0
LF:15
LH:0
end_of_record
SF:lib\pages\institution_record\controller\institution_record_event.dart
DA:5,1
DA:11,0
DA:12,0
DA:14,0
DA:21,1
LF:5
LH:2
end_of_record
SF:lib\pages\institution_record\data\model\fetch\institution_group_fetch_model.dart
DA:7,0
DA:9,0
DA:10,0
DA:11,0
DA:12,0
LF:5
LH:0
end_of_record
SF:lib\pages\institution_record\data\model\record\institution_group_record_model.dart
DA:9,0
LF:1
LH:0
end_of_record
SF:lib\pages\institution_record\data\model\record\institution_record_model.dart
DA:6,0
DA:8,0
DA:9,0
LF:3
LH:0
end_of_record
SF:lib\pages\institution_record\data\repository\institution_record_repository.dart
DA:17,0
DA:20,0
DA:21,0
DA:22,0
DA:24,0
DA:30,0
DA:31,0
DA:34,0
DA:35,0
DA:40,0
DA:43,0
DA:44,0
DA:45,0
DA:46,0
DA:47,0
DA:48,0
DA:51,0
DA:52,0
DA:55,0
DA:56,0
LF:20
LH:0
end_of_record
SF:lib\pages\institution_record\presentation\pages\institution_record_page.dart
DA:14,0
DA:19,0
DA:21,0
DA:22,0
DA:23,0
DA:24,0
DA:25,0
DA:26,0
DA:28,0
DA:29,0
DA:30,0
DA:31,0
DA:32,0
DA:35,0
DA:36,0
DA:37,0
DA:38,0
DA:39,0
DA:40,0
DA:41,0
DA:42,0
DA:43,0
DA:44,0
DA:45,0
DA:46,0
DA:61,0
DA:63,0
DA:64,0
DA:71,0
DA:73,0
DA:74,0
DA:75,0
DA:76,0
DA:77,0
DA:78,0
DA:79,0
DA:84,0
DA:85,0
DA:86,0
DA:87,0
DA:89,0
DA:90,0
DA:92,0
DA:96,0
DA:97,0
DA:100,0
DA:102,0
DA:106,0
DA:108,0
DA:112,0
DA:113,0
DA:116,0
DA:117,0
DA:118,0
DA:119,0
DA:120,0
DA:121,0
DA:125,0
LF:58
LH:0
end_of_record
SF:lib\pages\list_income_statement_account\controller\list_income_statement_account_bloc.dart
DA:16,0
DA:17,0
DA:20,0
DA:21,0
DA:24,0
DA:25,0
DA:27,0
DA:29,0
DA:30,0
DA:31,0
LF:10
LH:0
end_of_record
SF:lib\pages\list_income_statement_account\controller\list_income_statement_account_state.dart
DA:15,1
DA:20,1
DA:25,0
DA:29,0
DA:33,0
DA:34,0
DA:35,0
DA:36,0
DA:37,0
DA:42,0
LF:10
LH:2
end_of_record
SF:lib\pages\list_income_statement_account\controller\list_income_statement_account_event.dart
DA:4,0
DA:10,0
LF:2
LH:0
end_of_record
SF:lib\pages\list_income_statement_account\data\model\income_statement_account_model.dart
DA:10,0
DA:12,0
DA:13,0
DA:14,0
DA:15,0
DA:16,0
DA:17,0
LF:7
LH:0
end_of_record
SF:lib\pages\list_income_statement_account\data\repository\income_statement_account_repository.dart
DA:16,0
DA:19,0
DA:22,0
DA:23,0
DA:24,0
DA:25,0
DA:26,0
DA:29,0
DA:30,0
DA:33,0
DA:34,0
DA:39,0
DA:42,0
DA:43,0
DA:44,0
DA:45,0
DA:46,0
DA:47,0
DA:50,0
DA:51,0
DA:54,0
DA:55,0
LF:22
LH:0
end_of_record
SF:lib\pages\list_income_statement_account\data\model\income_statement_account_type_model.dart
DA:8,0
DA:10,0
DA:11,0
DA:12,0
DA:13,0
DA:14,0
LF:6
LH:0
end_of_record
SF:lib\pages\list_income_statement_account\presentation\pages\income_statement_account_gender.dart
DA:18,0
DA:24,0
DA:26,0
DA:27,0
DA:28,0
DA:29,0
DA:30,0
DA:31,0
DA:32,0
DA:33,0
DA:34,0
DA:35,0
DA:38,0
DA:39,0
DA:40,0
LF:15
LH:0
end_of_record
SF:lib\pages\list_income_statement_account\presentation\pages\list_income_statement_account_page.dart
DA:13,0
DA:18,0
DA:20,0
DA:21,0
DA:22,0
DA:23,0
DA:24,0
DA:25,0
DA:26,0
DA:27,0
DA:28,0
DA:29,0
DA:30,0
DA:32,0
DA:43,0
DA:45,0
DA:47,0
DA:48,0
DA:49,0
DA:50,0
DA:53,0
DA:54,0
DA:55,0
DA:56,0
DA:57,0
DA:58,0
DA:59,0
DA:61,0
DA:64,0
DA:65,0
DA:66,0
LF:31
LH:0
end_of_record
